2023-07-27 18:40:14,638:WARNING:
'cuml' is a soft dependency and not included in the pycaret installation. Please run: `pip install cuml` to install.
2023-07-27 18:40:14,638:WARNING:
'cuml' is a soft dependency and not included in the pycaret installation. Please run: `pip install cuml` to install.
2023-07-27 18:40:14,639:WARNING:
'cuml' is a soft dependency and not included in the pycaret installation. Please run: `pip install cuml` to install.
2023-07-27 18:40:14,639:WARNING:
'cuml' is a soft dependency and not included in the pycaret installation. Please run: `pip install cuml` to install.
2023-07-27 18:40:14,918:WARNING:/Library/Frameworks/Python.framework/Versions/3.8/lib/python3.8/site-packages/numba/core/decorators.py:262: NumbaDeprecationWarning: [1mnumba.generated_jit is deprecated. Please see the documentation at: https://numba.readthedocs.io/en/stable/reference/deprecation.html#deprecation-of-generated-jit for more information and advice on a suitable replacement.[0m
  warnings.warn(msg, NumbaDeprecationWarning)

2023-07-27 18:40:14,936:WARNING:/Library/Frameworks/Python.framework/Versions/3.8/lib/python3.8/site-packages/visions/backends/shared/nan_handling.py:51: NumbaDeprecationWarning: [1mThe 'nopython' keyword argument was not supplied to the 'numba.jit' decorator. The implicit default value for this argument is currently False, but it will be changed to True in Numba 0.59.0. See https://numba.readthedocs.io/en/stable/reference/deprecation.html#deprecation-of-object-mode-fall-back-behaviour-when-using-jit for details.[0m
  def hasna(x: np.ndarray) -> bool:

2023-07-27 18:43:49,305:WARNING:
'cuml' is a soft dependency and not included in the pycaret installation. Please run: `pip install cuml` to install.
2023-07-27 18:43:49,306:WARNING:
'cuml' is a soft dependency and not included in the pycaret installation. Please run: `pip install cuml` to install.
2023-07-27 18:43:49,306:WARNING:
'cuml' is a soft dependency and not included in the pycaret installation. Please run: `pip install cuml` to install.
2023-07-27 18:43:49,306:WARNING:
'cuml' is a soft dependency and not included in the pycaret installation. Please run: `pip install cuml` to install.
2023-07-27 18:43:49,611:WARNING:/Library/Frameworks/Python.framework/Versions/3.8/lib/python3.8/site-packages/numba/core/decorators.py:262: NumbaDeprecationWarning: [1mnumba.generated_jit is deprecated. Please see the documentation at: https://numba.readthedocs.io/en/stable/reference/deprecation.html#deprecation-of-generated-jit for more information and advice on a suitable replacement.[0m
  warnings.warn(msg, NumbaDeprecationWarning)

2023-07-27 18:43:49,626:WARNING:/Library/Frameworks/Python.framework/Versions/3.8/lib/python3.8/site-packages/visions/backends/shared/nan_handling.py:51: NumbaDeprecationWarning: [1mThe 'nopython' keyword argument was not supplied to the 'numba.jit' decorator. The implicit default value for this argument is currently False, but it will be changed to True in Numba 0.59.0. See https://numba.readthedocs.io/en/stable/reference/deprecation.html#deprecation-of-object-mode-fall-back-behaviour-when-using-jit for details.[0m
  def hasna(x: np.ndarray) -> bool:

2023-07-27 18:44:40,473:WARNING:
'cuml' is a soft dependency and not included in the pycaret installation. Please run: `pip install cuml` to install.
2023-07-27 18:44:40,474:WARNING:
'cuml' is a soft dependency and not included in the pycaret installation. Please run: `pip install cuml` to install.
2023-07-27 18:44:40,474:WARNING:
'cuml' is a soft dependency and not included in the pycaret installation. Please run: `pip install cuml` to install.
2023-07-27 18:44:40,474:WARNING:
'cuml' is a soft dependency and not included in the pycaret installation. Please run: `pip install cuml` to install.
2023-07-27 18:44:40,750:WARNING:/Library/Frameworks/Python.framework/Versions/3.8/lib/python3.8/site-packages/numba/core/decorators.py:262: NumbaDeprecationWarning: [1mnumba.generated_jit is deprecated. Please see the documentation at: https://numba.readthedocs.io/en/stable/reference/deprecation.html#deprecation-of-generated-jit for more information and advice on a suitable replacement.[0m
  warnings.warn(msg, NumbaDeprecationWarning)

2023-07-27 18:44:40,765:WARNING:/Library/Frameworks/Python.framework/Versions/3.8/lib/python3.8/site-packages/visions/backends/shared/nan_handling.py:51: NumbaDeprecationWarning: [1mThe 'nopython' keyword argument was not supplied to the 'numba.jit' decorator. The implicit default value for this argument is currently False, but it will be changed to True in Numba 0.59.0. See https://numba.readthedocs.io/en/stable/reference/deprecation.html#deprecation-of-object-mode-fall-back-behaviour-when-using-jit for details.[0m
  def hasna(x: np.ndarray) -> bool:

2023-07-27 18:47:37,618:WARNING:
'cuml' is a soft dependency and not included in the pycaret installation. Please run: `pip install cuml` to install.
2023-07-27 18:47:37,618:WARNING:
'cuml' is a soft dependency and not included in the pycaret installation. Please run: `pip install cuml` to install.
2023-07-27 18:47:37,618:WARNING:
'cuml' is a soft dependency and not included in the pycaret installation. Please run: `pip install cuml` to install.
2023-07-27 18:47:37,619:WARNING:
'cuml' is a soft dependency and not included in the pycaret installation. Please run: `pip install cuml` to install.
2023-07-27 18:47:37,911:WARNING:/Library/Frameworks/Python.framework/Versions/3.8/lib/python3.8/site-packages/numba/core/decorators.py:262: NumbaDeprecationWarning: [1mnumba.generated_jit is deprecated. Please see the documentation at: https://numba.readthedocs.io/en/stable/reference/deprecation.html#deprecation-of-generated-jit for more information and advice on a suitable replacement.[0m
  warnings.warn(msg, NumbaDeprecationWarning)

2023-07-27 18:47:37,932:WARNING:/Library/Frameworks/Python.framework/Versions/3.8/lib/python3.8/site-packages/visions/backends/shared/nan_handling.py:51: NumbaDeprecationWarning: [1mThe 'nopython' keyword argument was not supplied to the 'numba.jit' decorator. The implicit default value for this argument is currently False, but it will be changed to True in Numba 0.59.0. See https://numba.readthedocs.io/en/stable/reference/deprecation.html#deprecation-of-object-mode-fall-back-behaviour-when-using-jit for details.[0m
  def hasna(x: np.ndarray) -> bool:

2023-07-27 18:48:27,119:WARNING:/Library/Frameworks/Python.framework/Versions/3.8/lib/python3.8/site-packages/multimethod/__init__.py:315: FutureWarning: iteritems is deprecated and will be removed in a future version. Use .items instead.
  return func(*args, **kwargs)

2023-07-27 18:48:27,961:WARNING:/Library/Frameworks/Python.framework/Versions/3.8/lib/python3.8/site-packages/multimethod/__init__.py:315: FutureWarning: The default value of numeric_only in DataFrame.corr is deprecated. In a future version, it will default to False. Select only valid columns or specify the value of numeric_only to silence this warning.
  return func(*args, **kwargs)

2023-07-27 18:49:11,219:WARNING:/Library/Frameworks/Python.framework/Versions/3.8/lib/python3.8/site-packages/multimethod/__init__.py:315: FutureWarning: iteritems is deprecated and will be removed in a future version. Use .items instead.
  return func(*args, **kwargs)

2023-07-27 18:49:11,915:WARNING:/Library/Frameworks/Python.framework/Versions/3.8/lib/python3.8/site-packages/multimethod/__init__.py:315: FutureWarning: The default value of numeric_only in DataFrame.corr is deprecated. In a future version, it will default to False. Select only valid columns or specify the value of numeric_only to silence this warning.
  return func(*args, **kwargs)

2023-07-27 18:49:27,361:WARNING:/Library/Frameworks/Python.framework/Versions/3.8/lib/python3.8/site-packages/multimethod/__init__.py:315: FutureWarning: iteritems is deprecated and will be removed in a future version. Use .items instead.
  return func(*args, **kwargs)

2023-07-27 18:49:27,999:WARNING:/Library/Frameworks/Python.framework/Versions/3.8/lib/python3.8/site-packages/multimethod/__init__.py:315: FutureWarning: The default value of numeric_only in DataFrame.corr is deprecated. In a future version, it will default to False. Select only valid columns or specify the value of numeric_only to silence this warning.
  return func(*args, **kwargs)

2023-07-27 18:51:01,191:WARNING:/Library/Frameworks/Python.framework/Versions/3.8/lib/python3.8/site-packages/multimethod/__init__.py:315: FutureWarning: iteritems is deprecated and will be removed in a future version. Use .items instead.
  return func(*args, **kwargs)

2023-07-27 18:51:01,896:WARNING:/Library/Frameworks/Python.framework/Versions/3.8/lib/python3.8/site-packages/multimethod/__init__.py:315: FutureWarning: The default value of numeric_only in DataFrame.corr is deprecated. In a future version, it will default to False. Select only valid columns or specify the value of numeric_only to silence this warning.
  return func(*args, **kwargs)

2023-07-27 18:51:17,318:WARNING:/Library/Frameworks/Python.framework/Versions/3.8/lib/python3.8/site-packages/multimethod/__init__.py:315: FutureWarning: iteritems is deprecated and will be removed in a future version. Use .items instead.
  return func(*args, **kwargs)

2023-07-27 18:51:17,959:WARNING:/Library/Frameworks/Python.framework/Versions/3.8/lib/python3.8/site-packages/multimethod/__init__.py:315: FutureWarning: The default value of numeric_only in DataFrame.corr is deprecated. In a future version, it will default to False. Select only valid columns or specify the value of numeric_only to silence this warning.
  return func(*args, **kwargs)

2023-07-27 18:54:49,660:WARNING:
'cuml' is a soft dependency and not included in the pycaret installation. Please run: `pip install cuml` to install.
2023-07-27 18:54:49,660:WARNING:
'cuml' is a soft dependency and not included in the pycaret installation. Please run: `pip install cuml` to install.
2023-07-27 18:54:49,660:WARNING:
'cuml' is a soft dependency and not included in the pycaret installation. Please run: `pip install cuml` to install.
2023-07-27 18:54:49,660:WARNING:
'cuml' is a soft dependency and not included in the pycaret installation. Please run: `pip install cuml` to install.
2023-07-27 18:54:49,858:WARNING:/Library/Frameworks/Python.framework/Versions/3.8/lib/python3.8/site-packages/numba/core/decorators.py:262: NumbaDeprecationWarning: [1mnumba.generated_jit is deprecated. Please see the documentation at: https://numba.readthedocs.io/en/stable/reference/deprecation.html#deprecation-of-generated-jit for more information and advice on a suitable replacement.[0m
  warnings.warn(msg, NumbaDeprecationWarning)

2023-07-27 18:54:49,860:WARNING:/Library/Frameworks/Python.framework/Versions/3.8/lib/python3.8/site-packages/visions/backends/shared/nan_handling.py:51: NumbaDeprecationWarning: [1mThe 'nopython' keyword argument was not supplied to the 'numba.jit' decorator. The implicit default value for this argument is currently False, but it will be changed to True in Numba 0.59.0. See https://numba.readthedocs.io/en/stable/reference/deprecation.html#deprecation-of-object-mode-fall-back-behaviour-when-using-jit for details.[0m
  def hasna(x: np.ndarray) -> bool:

2023-07-27 18:55:05,609:WARNING:
'cuml' is a soft dependency and not included in the pycaret installation. Please run: `pip install cuml` to install.
2023-07-27 18:55:05,609:WARNING:
'cuml' is a soft dependency and not included in the pycaret installation. Please run: `pip install cuml` to install.
2023-07-27 18:55:05,609:WARNING:
'cuml' is a soft dependency and not included in the pycaret installation. Please run: `pip install cuml` to install.
2023-07-27 18:55:05,609:WARNING:
'cuml' is a soft dependency and not included in the pycaret installation. Please run: `pip install cuml` to install.
2023-07-27 18:55:05,775:WARNING:/Library/Frameworks/Python.framework/Versions/3.8/lib/python3.8/site-packages/numba/core/decorators.py:262: NumbaDeprecationWarning: [1mnumba.generated_jit is deprecated. Please see the documentation at: https://numba.readthedocs.io/en/stable/reference/deprecation.html#deprecation-of-generated-jit for more information and advice on a suitable replacement.[0m
  warnings.warn(msg, NumbaDeprecationWarning)

2023-07-27 18:55:05,778:WARNING:/Library/Frameworks/Python.framework/Versions/3.8/lib/python3.8/site-packages/visions/backends/shared/nan_handling.py:51: NumbaDeprecationWarning: [1mThe 'nopython' keyword argument was not supplied to the 'numba.jit' decorator. The implicit default value for this argument is currently False, but it will be changed to True in Numba 0.59.0. See https://numba.readthedocs.io/en/stable/reference/deprecation.html#deprecation-of-object-mode-fall-back-behaviour-when-using-jit for details.[0m
  def hasna(x: np.ndarray) -> bool:

2023-07-27 18:55:22,166:WARNING:
'cuml' is a soft dependency and not included in the pycaret installation. Please run: `pip install cuml` to install.
2023-07-27 18:55:22,166:WARNING:
'cuml' is a soft dependency and not included in the pycaret installation. Please run: `pip install cuml` to install.
2023-07-27 18:55:22,166:WARNING:
'cuml' is a soft dependency and not included in the pycaret installation. Please run: `pip install cuml` to install.
2023-07-27 18:55:22,166:WARNING:
'cuml' is a soft dependency and not included in the pycaret installation. Please run: `pip install cuml` to install.
2023-07-27 18:55:22,439:WARNING:/Library/Frameworks/Python.framework/Versions/3.8/lib/python3.8/site-packages/numba/core/decorators.py:262: NumbaDeprecationWarning: [1mnumba.generated_jit is deprecated. Please see the documentation at: https://numba.readthedocs.io/en/stable/reference/deprecation.html#deprecation-of-generated-jit for more information and advice on a suitable replacement.[0m
  warnings.warn(msg, NumbaDeprecationWarning)

2023-07-27 18:55:22,460:WARNING:/Library/Frameworks/Python.framework/Versions/3.8/lib/python3.8/site-packages/visions/backends/shared/nan_handling.py:51: NumbaDeprecationWarning: [1mThe 'nopython' keyword argument was not supplied to the 'numba.jit' decorator. The implicit default value for this argument is currently False, but it will be changed to True in Numba 0.59.0. See https://numba.readthedocs.io/en/stable/reference/deprecation.html#deprecation-of-object-mode-fall-back-behaviour-when-using-jit for details.[0m
  def hasna(x: np.ndarray) -> bool:

2023-07-27 18:55:41,241:WARNING:/Library/Frameworks/Python.framework/Versions/3.8/lib/python3.8/site-packages/multimethod/__init__.py:315: FutureWarning: iteritems is deprecated and will be removed in a future version. Use .items instead.
  return func(*args, **kwargs)

2023-07-27 18:55:42,079:WARNING:/Library/Frameworks/Python.framework/Versions/3.8/lib/python3.8/site-packages/multimethod/__init__.py:315: FutureWarning: The default value of numeric_only in DataFrame.corr is deprecated. In a future version, it will default to False. Select only valid columns or specify the value of numeric_only to silence this warning.
  return func(*args, **kwargs)

2023-07-27 18:56:25,992:WARNING:
'cuml' is a soft dependency and not included in the pycaret installation. Please run: `pip install cuml` to install.
2023-07-27 18:56:25,992:WARNING:
'cuml' is a soft dependency and not included in the pycaret installation. Please run: `pip install cuml` to install.
2023-07-27 18:56:25,992:WARNING:
'cuml' is a soft dependency and not included in the pycaret installation. Please run: `pip install cuml` to install.
2023-07-27 18:56:25,992:WARNING:
'cuml' is a soft dependency and not included in the pycaret installation. Please run: `pip install cuml` to install.
2023-07-27 18:56:26,210:WARNING:/Library/Frameworks/Python.framework/Versions/3.8/lib/python3.8/site-packages/numba/core/decorators.py:262: NumbaDeprecationWarning: [1mnumba.generated_jit is deprecated. Please see the documentation at: https://numba.readthedocs.io/en/stable/reference/deprecation.html#deprecation-of-generated-jit for more information and advice on a suitable replacement.[0m
  warnings.warn(msg, NumbaDeprecationWarning)

2023-07-27 18:56:26,213:WARNING:/Library/Frameworks/Python.framework/Versions/3.8/lib/python3.8/site-packages/visions/backends/shared/nan_handling.py:51: NumbaDeprecationWarning: [1mThe 'nopython' keyword argument was not supplied to the 'numba.jit' decorator. The implicit default value for this argument is currently False, but it will be changed to True in Numba 0.59.0. See https://numba.readthedocs.io/en/stable/reference/deprecation.html#deprecation-of-object-mode-fall-back-behaviour-when-using-jit for details.[0m
  def hasna(x: np.ndarray) -> bool:

2023-07-27 18:56:34,433:WARNING:
'cuml' is a soft dependency and not included in the pycaret installation. Please run: `pip install cuml` to install.
2023-07-27 18:56:34,434:WARNING:
'cuml' is a soft dependency and not included in the pycaret installation. Please run: `pip install cuml` to install.
2023-07-27 18:56:34,434:WARNING:
'cuml' is a soft dependency and not included in the pycaret installation. Please run: `pip install cuml` to install.
2023-07-27 18:56:34,434:WARNING:
'cuml' is a soft dependency and not included in the pycaret installation. Please run: `pip install cuml` to install.
2023-07-27 18:56:34,579:WARNING:/Library/Frameworks/Python.framework/Versions/3.8/lib/python3.8/site-packages/numba/core/decorators.py:262: NumbaDeprecationWarning: [1mnumba.generated_jit is deprecated. Please see the documentation at: https://numba.readthedocs.io/en/stable/reference/deprecation.html#deprecation-of-generated-jit for more information and advice on a suitable replacement.[0m
  warnings.warn(msg, NumbaDeprecationWarning)

2023-07-27 18:56:34,582:WARNING:/Library/Frameworks/Python.framework/Versions/3.8/lib/python3.8/site-packages/visions/backends/shared/nan_handling.py:51: NumbaDeprecationWarning: [1mThe 'nopython' keyword argument was not supplied to the 'numba.jit' decorator. The implicit default value for this argument is currently False, but it will be changed to True in Numba 0.59.0. See https://numba.readthedocs.io/en/stable/reference/deprecation.html#deprecation-of-object-mode-fall-back-behaviour-when-using-jit for details.[0m
  def hasna(x: np.ndarray) -> bool:

2023-07-27 18:56:43,968:WARNING:
'cuml' is a soft dependency and not included in the pycaret installation. Please run: `pip install cuml` to install.
2023-07-27 18:56:43,968:WARNING:
'cuml' is a soft dependency and not included in the pycaret installation. Please run: `pip install cuml` to install.
2023-07-27 18:56:43,968:WARNING:
'cuml' is a soft dependency and not included in the pycaret installation. Please run: `pip install cuml` to install.
2023-07-27 18:56:43,968:WARNING:
'cuml' is a soft dependency and not included in the pycaret installation. Please run: `pip install cuml` to install.
2023-07-27 18:56:44,102:WARNING:/Library/Frameworks/Python.framework/Versions/3.8/lib/python3.8/site-packages/numba/core/decorators.py:262: NumbaDeprecationWarning: [1mnumba.generated_jit is deprecated. Please see the documentation at: https://numba.readthedocs.io/en/stable/reference/deprecation.html#deprecation-of-generated-jit for more information and advice on a suitable replacement.[0m
  warnings.warn(msg, NumbaDeprecationWarning)

2023-07-27 18:56:44,104:WARNING:/Library/Frameworks/Python.framework/Versions/3.8/lib/python3.8/site-packages/visions/backends/shared/nan_handling.py:51: NumbaDeprecationWarning: [1mThe 'nopython' keyword argument was not supplied to the 'numba.jit' decorator. The implicit default value for this argument is currently False, but it will be changed to True in Numba 0.59.0. See https://numba.readthedocs.io/en/stable/reference/deprecation.html#deprecation-of-object-mode-fall-back-behaviour-when-using-jit for details.[0m
  def hasna(x: np.ndarray) -> bool:

2023-07-27 19:13:00,217:WARNING:
'cuml' is a soft dependency and not included in the pycaret installation. Please run: `pip install cuml` to install.
2023-07-27 19:13:00,217:WARNING:
'cuml' is a soft dependency and not included in the pycaret installation. Please run: `pip install cuml` to install.
2023-07-27 19:13:00,217:WARNING:
'cuml' is a soft dependency and not included in the pycaret installation. Please run: `pip install cuml` to install.
2023-07-27 19:13:00,217:WARNING:
'cuml' is a soft dependency and not included in the pycaret installation. Please run: `pip install cuml` to install.
2023-07-27 19:13:00,415:WARNING:/Library/Frameworks/Python.framework/Versions/3.8/lib/python3.8/site-packages/numba/core/decorators.py:262: NumbaDeprecationWarning: [1mnumba.generated_jit is deprecated. Please see the documentation at: https://numba.readthedocs.io/en/stable/reference/deprecation.html#deprecation-of-generated-jit for more information and advice on a suitable replacement.[0m
  warnings.warn(msg, NumbaDeprecationWarning)

2023-07-27 19:13:00,418:WARNING:/Library/Frameworks/Python.framework/Versions/3.8/lib/python3.8/site-packages/visions/backends/shared/nan_handling.py:51: NumbaDeprecationWarning: [1mThe 'nopython' keyword argument was not supplied to the 'numba.jit' decorator. The implicit default value for this argument is currently False, but it will be changed to True in Numba 0.59.0. See https://numba.readthedocs.io/en/stable/reference/deprecation.html#deprecation-of-object-mode-fall-back-behaviour-when-using-jit for details.[0m
  def hasna(x: np.ndarray) -> bool:

2023-07-27 19:13:28,570:WARNING:
'cuml' is a soft dependency and not included in the pycaret installation. Please run: `pip install cuml` to install.
2023-07-27 19:13:28,570:WARNING:
'cuml' is a soft dependency and not included in the pycaret installation. Please run: `pip install cuml` to install.
2023-07-27 19:13:28,570:WARNING:
'cuml' is a soft dependency and not included in the pycaret installation. Please run: `pip install cuml` to install.
2023-07-27 19:13:28,570:WARNING:
'cuml' is a soft dependency and not included in the pycaret installation. Please run: `pip install cuml` to install.
2023-07-27 19:13:28,739:WARNING:/Library/Frameworks/Python.framework/Versions/3.8/lib/python3.8/site-packages/numba/core/decorators.py:262: NumbaDeprecationWarning: [1mnumba.generated_jit is deprecated. Please see the documentation at: https://numba.readthedocs.io/en/stable/reference/deprecation.html#deprecation-of-generated-jit for more information and advice on a suitable replacement.[0m
  warnings.warn(msg, NumbaDeprecationWarning)

2023-07-27 19:13:28,741:WARNING:/Library/Frameworks/Python.framework/Versions/3.8/lib/python3.8/site-packages/visions/backends/shared/nan_handling.py:51: NumbaDeprecationWarning: [1mThe 'nopython' keyword argument was not supplied to the 'numba.jit' decorator. The implicit default value for this argument is currently False, but it will be changed to True in Numba 0.59.0. See https://numba.readthedocs.io/en/stable/reference/deprecation.html#deprecation-of-object-mode-fall-back-behaviour-when-using-jit for details.[0m
  def hasna(x: np.ndarray) -> bool:

2023-07-27 19:36:22,978:WARNING:
'cuml' is a soft dependency and not included in the pycaret installation. Please run: `pip install cuml` to install.
2023-07-27 19:36:22,978:WARNING:
'cuml' is a soft dependency and not included in the pycaret installation. Please run: `pip install cuml` to install.
2023-07-27 19:36:22,978:WARNING:
'cuml' is a soft dependency and not included in the pycaret installation. Please run: `pip install cuml` to install.
2023-07-27 19:36:22,978:WARNING:
'cuml' is a soft dependency and not included in the pycaret installation. Please run: `pip install cuml` to install.
2023-07-27 19:36:23,195:WARNING:/Library/Frameworks/Python.framework/Versions/3.8/lib/python3.8/site-packages/numba/core/decorators.py:262: NumbaDeprecationWarning: [1mnumba.generated_jit is deprecated. Please see the documentation at: https://numba.readthedocs.io/en/stable/reference/deprecation.html#deprecation-of-generated-jit for more information and advice on a suitable replacement.[0m
  warnings.warn(msg, NumbaDeprecationWarning)

2023-07-27 19:36:23,198:WARNING:/Library/Frameworks/Python.framework/Versions/3.8/lib/python3.8/site-packages/visions/backends/shared/nan_handling.py:51: NumbaDeprecationWarning: [1mThe 'nopython' keyword argument was not supplied to the 'numba.jit' decorator. The implicit default value for this argument is currently False, but it will be changed to True in Numba 0.59.0. See https://numba.readthedocs.io/en/stable/reference/deprecation.html#deprecation-of-object-mode-fall-back-behaviour-when-using-jit for details.[0m
  def hasna(x: np.ndarray) -> bool:

2023-07-27 19:36:44,141:WARNING:
'cuml' is a soft dependency and not included in the pycaret installation. Please run: `pip install cuml` to install.
2023-07-27 19:36:44,141:WARNING:
'cuml' is a soft dependency and not included in the pycaret installation. Please run: `pip install cuml` to install.
2023-07-27 19:36:44,141:WARNING:
'cuml' is a soft dependency and not included in the pycaret installation. Please run: `pip install cuml` to install.
2023-07-27 19:36:44,141:WARNING:
'cuml' is a soft dependency and not included in the pycaret installation. Please run: `pip install cuml` to install.
2023-07-27 19:36:44,344:WARNING:/Library/Frameworks/Python.framework/Versions/3.8/lib/python3.8/site-packages/numba/core/decorators.py:262: NumbaDeprecationWarning: [1mnumba.generated_jit is deprecated. Please see the documentation at: https://numba.readthedocs.io/en/stable/reference/deprecation.html#deprecation-of-generated-jit for more information and advice on a suitable replacement.[0m
  warnings.warn(msg, NumbaDeprecationWarning)

2023-07-27 19:36:44,347:WARNING:/Library/Frameworks/Python.framework/Versions/3.8/lib/python3.8/site-packages/visions/backends/shared/nan_handling.py:51: NumbaDeprecationWarning: [1mThe 'nopython' keyword argument was not supplied to the 'numba.jit' decorator. The implicit default value for this argument is currently False, but it will be changed to True in Numba 0.59.0. See https://numba.readthedocs.io/en/stable/reference/deprecation.html#deprecation-of-object-mode-fall-back-behaviour-when-using-jit for details.[0m
  def hasna(x: np.ndarray) -> bool:

2023-07-27 19:36:57,302:WARNING:
'cuml' is a soft dependency and not included in the pycaret installation. Please run: `pip install cuml` to install.
2023-07-27 19:36:57,302:WARNING:
'cuml' is a soft dependency and not included in the pycaret installation. Please run: `pip install cuml` to install.
2023-07-27 19:36:57,302:WARNING:
'cuml' is a soft dependency and not included in the pycaret installation. Please run: `pip install cuml` to install.
2023-07-27 19:36:57,302:WARNING:
'cuml' is a soft dependency and not included in the pycaret installation. Please run: `pip install cuml` to install.
2023-07-27 19:36:57,573:WARNING:/Library/Frameworks/Python.framework/Versions/3.8/lib/python3.8/site-packages/numba/core/decorators.py:262: NumbaDeprecationWarning: [1mnumba.generated_jit is deprecated. Please see the documentation at: https://numba.readthedocs.io/en/stable/reference/deprecation.html#deprecation-of-generated-jit for more information and advice on a suitable replacement.[0m
  warnings.warn(msg, NumbaDeprecationWarning)

2023-07-27 19:36:57,594:WARNING:/Library/Frameworks/Python.framework/Versions/3.8/lib/python3.8/site-packages/visions/backends/shared/nan_handling.py:51: NumbaDeprecationWarning: [1mThe 'nopython' keyword argument was not supplied to the 'numba.jit' decorator. The implicit default value for this argument is currently False, but it will be changed to True in Numba 0.59.0. See https://numba.readthedocs.io/en/stable/reference/deprecation.html#deprecation-of-object-mode-fall-back-behaviour-when-using-jit for details.[0m
  def hasna(x: np.ndarray) -> bool:

2023-07-27 19:38:28,787:WARNING:/Library/Frameworks/Python.framework/Versions/3.8/lib/python3.8/site-packages/multimethod/__init__.py:315: FutureWarning: iteritems is deprecated and will be removed in a future version. Use .items instead.
  return func(*args, **kwargs)

2023-07-27 19:38:29,716:WARNING:/Library/Frameworks/Python.framework/Versions/3.8/lib/python3.8/site-packages/multimethod/__init__.py:315: FutureWarning: The default value of numeric_only in DataFrame.corr is deprecated. In a future version, it will default to False. Select only valid columns or specify the value of numeric_only to silence this warning.
  return func(*args, **kwargs)

2023-07-27 19:41:04,076:WARNING:/Library/Frameworks/Python.framework/Versions/3.8/lib/python3.8/site-packages/multimethod/__init__.py:315: FutureWarning: iteritems is deprecated and will be removed in a future version. Use .items instead.
  return func(*args, **kwargs)

2023-07-27 19:41:04,800:WARNING:/Library/Frameworks/Python.framework/Versions/3.8/lib/python3.8/site-packages/multimethod/__init__.py:315: FutureWarning: The default value of numeric_only in DataFrame.corr is deprecated. In a future version, it will default to False. Select only valid columns or specify the value of numeric_only to silence this warning.
  return func(*args, **kwargs)

2023-07-27 19:41:20,634:WARNING:/Library/Frameworks/Python.framework/Versions/3.8/lib/python3.8/site-packages/multimethod/__init__.py:315: FutureWarning: iteritems is deprecated and will be removed in a future version. Use .items instead.
  return func(*args, **kwargs)

2023-07-27 19:41:21,356:WARNING:/Library/Frameworks/Python.framework/Versions/3.8/lib/python3.8/site-packages/multimethod/__init__.py:315: FutureWarning: The default value of numeric_only in DataFrame.corr is deprecated. In a future version, it will default to False. Select only valid columns or specify the value of numeric_only to silence this warning.
  return func(*args, **kwargs)

2023-07-27 19:45:06,838:WARNING:/Library/Frameworks/Python.framework/Versions/3.8/lib/python3.8/site-packages/multimethod/__init__.py:315: FutureWarning: iteritems is deprecated and will be removed in a future version. Use .items instead.
  return func(*args, **kwargs)

2023-07-27 19:45:07,590:WARNING:/Library/Frameworks/Python.framework/Versions/3.8/lib/python3.8/site-packages/multimethod/__init__.py:315: FutureWarning: The default value of numeric_only in DataFrame.corr is deprecated. In a future version, it will default to False. Select only valid columns or specify the value of numeric_only to silence this warning.
  return func(*args, **kwargs)

2023-07-27 19:48:36,390:WARNING:/Library/Frameworks/Python.framework/Versions/3.8/lib/python3.8/site-packages/multimethod/__init__.py:315: FutureWarning: iteritems is deprecated and will be removed in a future version. Use .items instead.
  return func(*args, **kwargs)

2023-07-27 19:48:37,106:WARNING:/Library/Frameworks/Python.framework/Versions/3.8/lib/python3.8/site-packages/multimethod/__init__.py:315: FutureWarning: The default value of numeric_only in DataFrame.corr is deprecated. In a future version, it will default to False. Select only valid columns or specify the value of numeric_only to silence this warning.
  return func(*args, **kwargs)

2023-07-30 12:44:51,940:WARNING:
'cuml' is a soft dependency and not included in the pycaret installation. Please run: `pip install cuml` to install.
2023-07-30 12:44:51,941:WARNING:
'cuml' is a soft dependency and not included in the pycaret installation. Please run: `pip install cuml` to install.
2023-07-30 12:44:51,941:WARNING:
'cuml' is a soft dependency and not included in the pycaret installation. Please run: `pip install cuml` to install.
2023-07-30 12:44:51,941:WARNING:
'cuml' is a soft dependency and not included in the pycaret installation. Please run: `pip install cuml` to install.
2023-07-30 12:44:52,254:WARNING:/Library/Frameworks/Python.framework/Versions/3.8/lib/python3.8/site-packages/numba/core/decorators.py:262: NumbaDeprecationWarning: [1mnumba.generated_jit is deprecated. Please see the documentation at: https://numba.readthedocs.io/en/stable/reference/deprecation.html#deprecation-of-generated-jit for more information and advice on a suitable replacement.[0m
  warnings.warn(msg, NumbaDeprecationWarning)

2023-07-30 12:44:52,272:WARNING:/Library/Frameworks/Python.framework/Versions/3.8/lib/python3.8/site-packages/visions/backends/shared/nan_handling.py:51: NumbaDeprecationWarning: [1mThe 'nopython' keyword argument was not supplied to the 'numba.jit' decorator. The implicit default value for this argument is currently False, but it will be changed to True in Numba 0.59.0. See https://numba.readthedocs.io/en/stable/reference/deprecation.html#deprecation-of-object-mode-fall-back-behaviour-when-using-jit for details.[0m
  def hasna(x: np.ndarray) -> bool:

2023-07-30 12:45:29,460:WARNING:
'cuml' is a soft dependency and not included in the pycaret installation. Please run: `pip install cuml` to install.
2023-07-30 12:45:29,460:WARNING:
'cuml' is a soft dependency and not included in the pycaret installation. Please run: `pip install cuml` to install.
2023-07-30 12:45:29,460:WARNING:
'cuml' is a soft dependency and not included in the pycaret installation. Please run: `pip install cuml` to install.
2023-07-30 12:45:29,460:WARNING:
'cuml' is a soft dependency and not included in the pycaret installation. Please run: `pip install cuml` to install.
2023-07-30 12:45:29,736:WARNING:/Library/Frameworks/Python.framework/Versions/3.8/lib/python3.8/site-packages/numba/core/decorators.py:262: NumbaDeprecationWarning: [1mnumba.generated_jit is deprecated. Please see the documentation at: https://numba.readthedocs.io/en/stable/reference/deprecation.html#deprecation-of-generated-jit for more information and advice on a suitable replacement.[0m
  warnings.warn(msg, NumbaDeprecationWarning)

2023-07-30 12:45:29,757:WARNING:/Library/Frameworks/Python.framework/Versions/3.8/lib/python3.8/site-packages/visions/backends/shared/nan_handling.py:51: NumbaDeprecationWarning: [1mThe 'nopython' keyword argument was not supplied to the 'numba.jit' decorator. The implicit default value for this argument is currently False, but it will be changed to True in Numba 0.59.0. See https://numba.readthedocs.io/en/stable/reference/deprecation.html#deprecation-of-object-mode-fall-back-behaviour-when-using-jit for details.[0m
  def hasna(x: np.ndarray) -> bool:

2023-07-30 12:45:48,745:WARNING:/Library/Frameworks/Python.framework/Versions/3.8/lib/python3.8/site-packages/multimethod/__init__.py:315: FutureWarning: iteritems is deprecated and will be removed in a future version. Use .items instead.
  return func(*args, **kwargs)

2023-07-30 12:45:49,602:WARNING:/Library/Frameworks/Python.framework/Versions/3.8/lib/python3.8/site-packages/multimethod/__init__.py:315: FutureWarning: The default value of numeric_only in DataFrame.corr is deprecated. In a future version, it will default to False. Select only valid columns or specify the value of numeric_only to silence this warning.
  return func(*args, **kwargs)

2023-07-30 12:49:03,791:WARNING:/Library/Frameworks/Python.framework/Versions/3.8/lib/python3.8/site-packages/multimethod/__init__.py:315: FutureWarning: iteritems is deprecated and will be removed in a future version. Use .items instead.
  return func(*args, **kwargs)

2023-07-30 12:49:04,469:WARNING:/Library/Frameworks/Python.framework/Versions/3.8/lib/python3.8/site-packages/multimethod/__init__.py:315: FutureWarning: The default value of numeric_only in DataFrame.corr is deprecated. In a future version, it will default to False. Select only valid columns or specify the value of numeric_only to silence this warning.
  return func(*args, **kwargs)

2023-07-30 12:49:19,556:WARNING:/Library/Frameworks/Python.framework/Versions/3.8/lib/python3.8/site-packages/multimethod/__init__.py:315: FutureWarning: iteritems is deprecated and will be removed in a future version. Use .items instead.
  return func(*args, **kwargs)

2023-07-30 12:49:20,200:WARNING:/Library/Frameworks/Python.framework/Versions/3.8/lib/python3.8/site-packages/multimethod/__init__.py:315: FutureWarning: The default value of numeric_only in DataFrame.corr is deprecated. In a future version, it will default to False. Select only valid columns or specify the value of numeric_only to silence this warning.
  return func(*args, **kwargs)

2023-07-30 12:49:35,539:WARNING:/Library/Frameworks/Python.framework/Versions/3.8/lib/python3.8/site-packages/multimethod/__init__.py:315: FutureWarning: iteritems is deprecated and will be removed in a future version. Use .items instead.
  return func(*args, **kwargs)

2023-07-30 12:49:36,180:WARNING:/Library/Frameworks/Python.framework/Versions/3.8/lib/python3.8/site-packages/multimethod/__init__.py:315: FutureWarning: The default value of numeric_only in DataFrame.corr is deprecated. In a future version, it will default to False. Select only valid columns or specify the value of numeric_only to silence this warning.
  return func(*args, **kwargs)

